Using pre-set license
Built from '2021.3/staging' branch; Version is '2021.3.3f1 (af2e63e8f9bd) revision 11480675'; Using compiler version '192829333'; Build Type 'Release'
OS: 'Windows 10  (10.0.19044) 64bit CoreSingleLanguage' Language: 'ru' Physical Memory: 8157 MB
BatchMode: 1, IsHumanControllingUs: 0, StartBugReporterOnCrash: 0, Is64bit: 1, IsPro: 1

COMMAND LINE ARGUMENTS:
D:\Unity\Hub\2021.3.3f1\Editor\Unity.exe
-adb2
-batchMode
-noUpm
-name
AssetImportWorker0
-projectPath
D:/Unity Project/Git Folder/HideAndEscape/HideAndEscape
-logFile
Logs/AssetImportWorker0.log
-srvPort
57147
Successfully changed project path to: D:/Unity Project/Git Folder/HideAndEscape/HideAndEscape
D:/Unity Project/Git Folder/HideAndEscape/HideAndEscape
[UnityMemory] Configuration Parameters - Can be set up in boot.config
    "memorysetup-bucket-allocator-granularity=16"
    "memorysetup-bucket-allocator-bucket-count=8"
    "memorysetup-bucket-allocator-block-size=33554432"
    "memorysetup-bucket-allocator-block-count=8"
    "memorysetup-main-allocator-block-size=16777216"
    "memorysetup-thread-allocator-block-size=16777216"
    "memorysetup-gfx-main-allocator-block-size=16777216"
    "memorysetup-gfx-thread-allocator-block-size=16777216"
    "memorysetup-cache-allocator-block-size=4194304"
    "memorysetup-typetree-allocator-block-size=2097152"
    "memorysetup-profiler-bucket-allocator-granularity=16"
    "memorysetup-profiler-bucket-allocator-bucket-count=8"
    "memorysetup-profiler-bucket-allocator-block-size=33554432"
    "memorysetup-profiler-bucket-allocator-block-count=8"
    "memorysetup-profiler-allocator-block-size=16777216"
    "memorysetup-profiler-editor-allocator-block-size=1048576"
    "memorysetup-temp-allocator-size-main=16777216"
    "memorysetup-job-temp-allocator-block-size=2097152"
    "memorysetup-job-temp-allocator-block-size-background=1048576"
    "memorysetup-job-temp-allocator-reduction-small-platforms=262144"
    "memorysetup-temp-allocator-size-background-worker=32768"
    "memorysetup-temp-allocator-size-job-worker=262144"
    "memorysetup-temp-allocator-size-preload-manager=33554432"
    "memorysetup-temp-allocator-size-nav-mesh-worker=65536"
    "memorysetup-temp-allocator-size-audio-worker=65536"
    "memorysetup-temp-allocator-size-cloud-worker=32768"
    "memorysetup-temp-allocator-size-gi-baking-worker=262144"
    "memorysetup-temp-allocator-size-gfx=262144"
Refreshing native plugins compatible for Editor in 401.90 ms, found 3 plugins.
Preloading 0 native plugins for Editor in 0.00 ms.
Initialize engine version: 2021.3.3f1 (af2e63e8f9bd)
[Subsystems] Discovering subsystems at path D:/Unity/Hub/2021.3.3f1/Editor/Data/Resources/UnitySubsystems
[Subsystems] Discovering subsystems at path D:/Unity Project/Git Folder/HideAndEscape/HideAndEscape/Assets
GfxDevice: creating device client; threaded=0; jobified=0
Direct3D:
    Version:  Direct3D 11.0 [level 11.0]
    Renderer: NVIDIA GeForce GTX 660 (ID=0x11c0)
    Vendor:   NVIDIA
    VRAM:     1998 MB
    Driver:   27.21.14.5730
Initialize mono
Mono path[0] = 'D:/Unity/Hub/2021.3.3f1/Editor/Data/Managed'
Mono path[1] = 'D:/Unity/Hub/2021.3.3f1/Editor/Data/MonoBleedingEdge/lib/mono/unityjit-win32'
Mono config path = 'D:/Unity/Hub/2021.3.3f1/Editor/Data/MonoBleedingEdge/etc'
Using monoOptions --debugger-agent=transport=dt_socket,embedding=1,server=y,suspend=n,address=127.0.0.1:56092
Begin MonoManager ReloadAssembly
Registering precompiled unity dll's ...
Register platform support module: D:/Unity/Hub/2021.3.3f1/Editor/Data/PlaybackEngines/WebGLSupport/UnityEditor.WebGL.Extensions.dll
Register platform support module: D:/Unity/Hub/2021.3.3f1/Editor/Data/PlaybackEngines/AndroidPlayer/UnityEditor.Android.Extensions.dll
Register platform support module: D:/Unity/Hub/2021.3.3f1/Editor/Data/PlaybackEngines/WindowsStandaloneSupport/UnityEditor.WindowsStandalone.Extensions.dll
Registered in 0.017272 seconds.
Native extension for WindowsStandalone target not found
Native extension for Android target not found
Native extension for WebGL target not found
Refreshing native plugins compatible for Editor in 408.33 ms, found 3 plugins.
Preloading 0 native plugins for Editor in 0.00 ms.
Mono: successfully reloaded assembly
- Completed reload, in  1.533 seconds
Domain Reload Profiling:
	ReloadAssembly (1534ms)
		BeginReloadAssembly (131ms)
			ExecutionOrderSort (0ms)
			DisableScriptedObjects (0ms)
			BackupInstance (0ms)
			ReleaseScriptingObjects (0ms)
			CreateAndSetChildDomain (2ms)
		EndReloadAssembly (1144ms)
			LoadAssemblies (130ms)
			RebuildTransferFunctionScriptingTraits (0ms)
			SetupTypeCache (185ms)
			ReleaseScriptCaches (0ms)
			RebuildScriptCaches (74ms)
			SetupLoadedEditorAssemblies (764ms)
				LogAssemblyErrors (0ms)
				InitializePlatformSupportModulesInManaged (95ms)
				SetLoadedEditorAssemblies (0ms)
				RefreshPlugins (408ms)
				BeforeProcessingInitializeOnLoad (3ms)
				ProcessInitializeOnLoadAttributes (177ms)
				ProcessInitializeOnLoadMethodAttributes (80ms)
				AfterProcessingInitializeOnLoad (0ms)
				EditorAssembliesLoaded (0ms)
			ExecutionOrderSort2 (0ms)
			AwakeInstancesAfterBackupRestoration (0ms)
Platform modules already initialized, skipping
Registering precompiled user dll's ...
Registered in 0.010050 seconds.
Begin MonoManager ReloadAssembly
Symbol file LoadedFromMemory doesn't match image D:\Unity Project\Git Folder\HideAndEscape\HideAndEscape\Library\PackageCache\com.unity.visualscripting@1.7.6\Editor\VisualScripting.Core\Dependencies\YamlDotNet\Unity.VisualScripting.YamlDotNet.dll
Symbol file LoadedFromMemory doesn't match image D:\Unity Project\Git Folder\HideAndEscape\HideAndEscape\Library\PackageCache\com.unity.visualscripting@1.7.6\Editor\VisualScripting.Core\Dependencies\DotNetZip\Unity.VisualScripting.IonicZip.dll
Native extension for WindowsStandalone target not found
Native extension for Android target not found
Native extension for WebGL target not found
Refreshing native plugins compatible for Editor in 0.82 ms, found 3 plugins.
Preloading 0 native plugins for Editor in 0.00 ms.
Mono: successfully reloaded assembly
- Completed reload, in  2.205 seconds
Domain Reload Profiling:
	ReloadAssembly (2206ms)
		BeginReloadAssembly (336ms)
			ExecutionOrderSort (0ms)
			DisableScriptedObjects (13ms)
			BackupInstance (0ms)
			ReleaseScriptingObjects (0ms)
			CreateAndSetChildDomain (152ms)
		EndReloadAssembly (1653ms)
			LoadAssemblies (162ms)
			RebuildTransferFunctionScriptingTraits (0ms)
			SetupTypeCache (512ms)
			ReleaseScriptCaches (1ms)
			RebuildScriptCaches (106ms)
			SetupLoadedEditorAssemblies (833ms)
				LogAssemblyErrors (0ms)
				InitializePlatformSupportModulesInManaged (26ms)
				SetLoadedEditorAssemblies (1ms)
				RefreshPlugins (1ms)
				BeforeProcessingInitializeOnLoad (352ms)
				ProcessInitializeOnLoadAttributes (398ms)
				ProcessInitializeOnLoadMethodAttributes (47ms)
				AfterProcessingInitializeOnLoad (7ms)
				EditorAssembliesLoaded (0ms)
			ExecutionOrderSort2 (0ms)
			AwakeInstancesAfterBackupRestoration (9ms)
Platform modules already initialized, skipping
========================================================================
Worker process is ready to serve import requests
Launched and connected shader compiler UnityShaderCompiler.exe after 0.11 seconds
Refreshing native plugins compatible for Editor in 0.90 ms, found 3 plugins.
Preloading 0 native plugins for Editor in 0.00 ms.
Unloading 3617 Unused Serialized files (Serialized files now loaded: 0)
Unloading 27 unused Assets / (112.5 KB). Loaded Objects now: 4077.
Memory consumption went from 122.9 MB to 122.8 MB.
Total: 4.490900 ms (FindLiveObjects: 0.368700 ms CreateObjectMapping: 0.166300 ms MarkObjects: 3.804200 ms  DeleteObjects: 0.149900 ms)

AssetImportParameters requested are different than current active one (requested -> active):
  custom:video-decoder-ogg-theora: a1e56fd34408186e4bbccfd4996cb3dc -> 
  custom:container-muxer-webm: aa71ff27fc2769a1b78a27578f13a17b -> 
  custom:container-demuxer-webm: 4f35f7cbe854078d1ac9338744f61a02 -> 
  custom:video-encoder-webm-vp8: eb34c28f22e8b96e1ab97ce403110664 -> 
  custom:audio-encoder-webm-vorbis: bf7c407c2cedff20999df2af8eb42d56 -> 
  custom:framework-win-MediaFoundation: 216162199b28c13a410421893ffa2e32 -> 
  custom:container-demuxer-ogg: 62fdf1f143b41e24485cea50d1cbac27 -> 
  custom:video-decoder-webm-vp8: 9c59270c3fd7afecdb556c50c9e8de78 -> 
  custom:audio-decoder-ogg-vorbis: bf7c407c2cedff20999df2af8eb42d56 -> 
========================================================================
Received Import Request.
  Time since last request: 67920.972608 seconds.
  path: Assets/PolygonStarter/Textures/PolygonStarter_Texture_01.png
  artifactKey: Guid(6cf54faba48b51c45af7d22ca798531f) Importer(815301076,1909f56bfc062723c751e8b465ee728b)
Start importing Assets/PolygonStarter/Textures/PolygonStarter_Texture_01.png using Guid(6cf54faba48b51c45af7d22ca798531f) Importer(815301076,1909f56bfc062723c751e8b465ee728b)  -> (artifact id: '50c71f219ccf9da87217c38b841f5416') in 0.269653 seconds 
========================================================================
Received Import Request.
  Time since last request: 0.000033 seconds.
  path: Assets/PolygonStarter/Materials/Misc/PolygonStarter_Clouds_Mat.mat
  artifactKey: Guid(24178269aee50fa45af0c61018153ba6) Importer(815301076,1909f56bfc062723c751e8b465ee728b)
Start importing Assets/PolygonStarter/Materials/Misc/PolygonStarter_Clouds_Mat.mat using Guid(24178269aee50fa45af0c61018153ba6) Importer(815301076,1909f56bfc062723c751e8b465ee728b)  -> (artifact id: '63d3e3d34162647c5fd3f315230f0e50') in 0.280574 seconds 
========================================================================
Received Import Request.
  Time since last request: 0.000040 seconds.
  path: Assets/PolygonStarter/Textures/Polygon_Plane_Texture_01.png
  artifactKey: Guid(a969091ee1740c3469cc70c44c3caa60) Importer(815301076,1909f56bfc062723c751e8b465ee728b)
Start importing Assets/PolygonStarter/Textures/Polygon_Plane_Texture_01.png using Guid(a969091ee1740c3469cc70c44c3caa60) Importer(815301076,1909f56bfc062723c751e8b465ee728b)  -> (artifact id: '348ab4839682ae6522b920450b75276f') in 0.069519 seconds 
========================================================================
Received Import Request.
  Time since last request: 0.000027 seconds.
  path: Assets/PolygonStarter/Textures/PolygonStarter_Texture_02.png
  artifactKey: Guid(1ef3316ad51610e4ea3782e70ea9be4a) Importer(815301076,1909f56bfc062723c751e8b465ee728b)
Start importing Assets/PolygonStarter/Textures/PolygonStarter_Texture_02.png using Guid(1ef3316ad51610e4ea3782e70ea9be4a) Importer(815301076,1909f56bfc062723c751e8b465ee728b)  -> (artifact id: '2765491cd92e107ef08226071ea35a60') in 0.023900 seconds 
========================================================================
Received Import Request.
  Time since last request: 0.000029 seconds.
  path: Assets/PolygonStarter/Textures/Polygon_Plane_Texture_04.png
  artifactKey: Guid(3c88dab59f29ae7439e1be3c8742bd88) Importer(815301076,1909f56bfc062723c751e8b465ee728b)
Start importing Assets/PolygonStarter/Textures/Polygon_Plane_Texture_04.png using Guid(3c88dab59f29ae7439e1be3c8742bd88) Importer(815301076,1909f56bfc062723c751e8b465ee728b)  -> (artifact id: 'ad2fedb2ea470f3920a86d0faa81cee3') in 0.057627 seconds 
========================================================================
Received Import Request.
  Time since last request: 0.000023 seconds.
  path: Assets/PolygonStarter/Textures
  artifactKey: Guid(79e36706a513965488c1ead917abf85b) Importer(815301076,1909f56bfc062723c751e8b465ee728b)
Start importing Assets/PolygonStarter/Textures using Guid(79e36706a513965488c1ead917abf85b) Importer(815301076,1909f56bfc062723c751e8b465ee728b)  -> (artifact id: '67294fc8742ba2635b8d90c0310aea3e') in 0.002180 seconds 
========================================================================
Received Import Request.
  Time since last request: 0.000027 seconds.
  path: Assets/PolygonStarter/Textures/Polygon_Plane_Texture_03.png
  artifactKey: Guid(ab16207b9b940c14687cad2ecf62259f) Importer(815301076,1909f56bfc062723c751e8b465ee728b)
Start importing Assets/PolygonStarter/Textures/Polygon_Plane_Texture_03.png using Guid(ab16207b9b940c14687cad2ecf62259f) Importer(815301076,1909f56bfc062723c751e8b465ee728b)  -> (artifact id: 'a661aae04148bd1d8025dc46688f400e') in 0.050335 seconds 
========================================================================
Received Import Request.
  Time since last request: 0.000032 seconds.
  path: Assets/PolygonStarter/Textures/Polygon_Plane_Texture_02.png
  artifactKey: Guid(addc2d43f6566e24d8bd5924661c6c7d) Importer(815301076,1909f56bfc062723c751e8b465ee728b)
Start importing Assets/PolygonStarter/Textures/Polygon_Plane_Texture_02.png using Guid(addc2d43f6566e24d8bd5924661c6c7d) Importer(815301076,1909f56bfc062723c751e8b465ee728b)  -> (artifact id: '0f6f07ef025636dc2a8cb5118f905359') in 0.048857 seconds 
========================================================================
Received Import Request.
  Time since last request: 0.000039 seconds.
  path: Assets/PolygonStarter/Textures/Simple_Sky_Texture_01.png
  artifactKey: Guid(a073e30cf8f3cab47b5cf5aa2df423f3) Importer(815301076,1909f56bfc062723c751e8b465ee728b)
Start importing Assets/PolygonStarter/Textures/Simple_Sky_Texture_01.png using Guid(a073e30cf8f3cab47b5cf5aa2df423f3) Importer(815301076,1909f56bfc062723c751e8b465ee728b)  -> (artifact id: '5ccfa75ee9280cb2b97ac61ed7813eef') in 0.024913 seconds 
========================================================================
Received Import Request.
  Time since last request: 0.000044 seconds.
  path: Assets/PolygonStarter/Textures/PolygonStarter_Texture_03.png
  artifactKey: Guid(eac0676553323674aa7d6e8e4d94dec1) Importer(815301076,1909f56bfc062723c751e8b465ee728b)
Start importing Assets/PolygonStarter/Textures/PolygonStarter_Texture_03.png using Guid(eac0676553323674aa7d6e8e4d94dec1) Importer(815301076,1909f56bfc062723c751e8b465ee728b)  -> (artifact id: '022ba98b4fce9e8fb60ff1e7400c194d') in 0.022763 seconds 
========================================================================
Received Import Request.
  Time since last request: 0.000030 seconds.
  path: Assets/PolygonStarter/Materials/Misc/PolygonStarter_Mat_01_Glass.mat
  artifactKey: Guid(167faa9f54383f04987dcacc6372f1b4) Importer(815301076,1909f56bfc062723c751e8b465ee728b)
Start importing Assets/PolygonStarter/Materials/Misc/PolygonStarter_Mat_01_Glass.mat using Guid(167faa9f54383f04987dcacc6372f1b4) Importer(815301076,1909f56bfc062723c751e8b465ee728b)  -> (artifact id: 'ca8a1b678f14b1b32e7ebf50a5308730') in 0.018340 seconds 
========================================================================
Received Import Request.
  Time since last request: 0.000028 seconds.
  path: Assets/PolygonStarter/Materials/Misc
  artifactKey: Guid(c57dbbfd53a3a264292995a8a8526541) Importer(815301076,1909f56bfc062723c751e8b465ee728b)
Start importing Assets/PolygonStarter/Materials/Misc using Guid(c57dbbfd53a3a264292995a8a8526541) Importer(815301076,1909f56bfc062723c751e8b465ee728b)  -> (artifact id: '8329bd869a0e8ae496108e468153204d') in 0.001802 seconds 
========================================================================
Received Import Request.
  Time since last request: 0.000029 seconds.
  path: Assets/PolygonStarter/Textures/PolygonStarter_Texture_04.png
  artifactKey: Guid(051364296435f87449810911a2f9c4e8) Importer(815301076,1909f56bfc062723c751e8b465ee728b)
Start importing Assets/PolygonStarter/Textures/PolygonStarter_Texture_04.png using Guid(051364296435f87449810911a2f9c4e8) Importer(815301076,1909f56bfc062723c751e8b465ee728b)  -> (artifact id: '07d592201c26d6087d8f7e9f313c2c02') in 0.024017 seconds 
========================================================================
Received Import Request.
  Time since last request: 0.000030 seconds.
  path: Assets/PolygonStarter/Materials/Misc/PolygonStarter_SimpleSky_01.mat
  artifactKey: Guid(749197eb2a1afbc4a8ead02781020e55) Importer(815301076,1909f56bfc062723c751e8b465ee728b)
Start importing Assets/PolygonStarter/Materials/Misc/PolygonStarter_SimpleSky_01.mat using Guid(749197eb2a1afbc4a8ead02781020e55) Importer(815301076,1909f56bfc062723c751e8b465ee728b)  -> (artifact id: '46e704c0acbc1c2ac13545ff694fe1a8') in 0.018613 seconds 
========================================================================
Received Import Request.
  Time since last request: 97.470439 seconds.
  path: Assets/PolygonStarter/Prefabs/SM_Bld_Door_01.prefab
  artifactKey: Guid(6d34f074083a0dc4d9798f703bad35de) Importer(815301076,1909f56bfc062723c751e8b465ee728b)
Start importing Assets/PolygonStarter/Prefabs/SM_Bld_Door_01.prefab using Guid(6d34f074083a0dc4d9798f703bad35de) Importer(815301076,1909f56bfc062723c751e8b465ee728b)  -> (artifact id: 'c6ad9e7b049e809a4ae3669ab90ef2a9') in 0.030739 seconds 
========================================================================
Received Import Request.
  Time since last request: 0.000035 seconds.
  path: Assets/PolygonStarter/Prefabs/SM_Generic_Mountains_Grass_02.prefab
  artifactKey: Guid(d2201b576d0da384fb8f681e57559ea8) Importer(815301076,1909f56bfc062723c751e8b465ee728b)
Start importing Assets/PolygonStarter/Prefabs/SM_Generic_Mountains_Grass_02.prefab using Guid(d2201b576d0da384fb8f681e57559ea8) Importer(815301076,1909f56bfc062723c751e8b465ee728b)  -> (artifact id: 'f76efd688e389f2f6092145b0ba0e264') in 0.005435 seconds 
========================================================================
Received Import Request.
  Time since last request: 0.000043 seconds.
  path: Assets/PolygonStarter/Prefabs/SM_PolygonApocalypse_Bld_House_01.prefab
  artifactKey: Guid(09135c03210603f42b4207ff66b56781) Importer(815301076,1909f56bfc062723c751e8b465ee728b)
Start importing Assets/PolygonStarter/Prefabs/SM_PolygonApocalypse_Bld_House_01.prefab using Guid(09135c03210603f42b4207ff66b56781) Importer(815301076,1909f56bfc062723c751e8b465ee728b)  -> (artifact id: '151bd44313baf878ddcd3fb00cbf8c5c') in 0.006821 seconds 
========================================================================
Received Import Request.
  Time since last request: 0.000043 seconds.
  path: Assets/PolygonStarter/Prefabs/SM_Generic_Ground_03.prefab
  artifactKey: Guid(03b298e339be8c8428fc06f3fc1d627a) Importer(815301076,1909f56bfc062723c751e8b465ee728b)
Start importing Assets/PolygonStarter/Prefabs/SM_Generic_Ground_03.prefab using Guid(03b298e339be8c8428fc06f3fc1d627a) Importer(815301076,1909f56bfc062723c751e8b465ee728b)  -> (artifact id: 'ba48d3aed752608233152ff04e004dd1') in 0.005854 seconds 
========================================================================
Received Import Request.
  Time since last request: 0.000030 seconds.
  path: Assets/PolygonStarter/Prefabs/SM_Generic_Small_Rocks_01.prefab
  artifactKey: Guid(39dfb394e864da84db3b1c7e8f517888) Importer(815301076,1909f56bfc062723c751e8b465ee728b)
Start importing Assets/PolygonStarter/Prefabs/SM_Generic_Small_Rocks_01.prefab using Guid(39dfb394e864da84db3b1c7e8f517888) Importer(815301076,1909f56bfc062723c751e8b465ee728b)  -> (artifact id: 'ec5196cc78e0e7213b47fc27466a00f3') in 0.006162 seconds 
========================================================================
Received Import Request.
  Time since last request: 0.000035 seconds.
  path: Assets/PolygonStarter/Prefabs/SM_Generic_Small_Rocks_05.prefab
  artifactKey: Guid(9c5ad4629ea7af7448f90e61ae1ea78d) Importer(815301076,1909f56bfc062723c751e8b465ee728b)
Start importing Assets/PolygonStarter/Prefabs/SM_Generic_Small_Rocks_05.prefab using Guid(9c5ad4629ea7af7448f90e61ae1ea78d) Importer(815301076,1909f56bfc062723c751e8b465ee728b)  -> (artifact id: '74626cecab002e6de7bb08c61cef3232') in 0.008367 seconds 
========================================================================
Received Import Request.
  Time since last request: 0.000034 seconds.
  path: Assets/PolygonStarter/Prefabs/SM_Generic_Ground_02.prefab
  artifactKey: Guid(2bd56128040193346a96ac4ec4bfa455) Importer(815301076,1909f56bfc062723c751e8b465ee728b)
Start importing Assets/PolygonStarter/Prefabs/SM_Generic_Ground_02.prefab using Guid(2bd56128040193346a96ac4ec4bfa455) Importer(815301076,1909f56bfc062723c751e8b465ee728b)  -> (artifact id: 'b7d0c2906ea45922ee18bac132e2da43') in 0.005892 seconds 
========================================================================
Received Import Request.
  Time since last request: 0.000027 seconds.
  path: Assets/PolygonStarter/Prefabs/SM_Veh_Plane_Stunt_01.prefab
  artifactKey: Guid(bbea6872df405a045862b0d1f277c5ac) Importer(815301076,1909f56bfc062723c751e8b465ee728b)
Start importing Assets/PolygonStarter/Prefabs/SM_Veh_Plane_Stunt_01.prefab using Guid(bbea6872df405a045862b0d1f277c5ac) Importer(815301076,1909f56bfc062723c751e8b465ee728b)  -> (artifact id: '7496d57eadb667c20beddfbeb39c175b') in 0.008321 seconds 
========================================================================
Received Import Request.
  Time since last request: 0.000028 seconds.
  path: Assets/PolygonStarter/Prefabs/SM_Generic_Tree_04.prefab
  artifactKey: Guid(777f53d3993533d4184fa410d0cdfae7) Importer(815301076,1909f56bfc062723c751e8b465ee728b)
Start importing Assets/PolygonStarter/Prefabs/SM_Generic_Tree_04.prefab using Guid(777f53d3993533d4184fa410d0cdfae7) Importer(815301076,1909f56bfc062723c751e8b465ee728b)  -> (artifact id: '4b1320cc3f367aecdb5a342d69fc46e8') in 0.006340 seconds 
========================================================================
Received Import Request.
  Time since last request: 0.000024 seconds.
  path: Assets/PolygonStarter/Prefabs/SM_Generic_CloudRing_01.prefab
  artifactKey: Guid(280053154239720458c4b6093bfea66a) Importer(815301076,1909f56bfc062723c751e8b465ee728b)
Start importing Assets/PolygonStarter/Prefabs/SM_Generic_CloudRing_01.prefab using Guid(280053154239720458c4b6093bfea66a) Importer(815301076,1909f56bfc062723c751e8b465ee728b)  -> (artifact id: '733c0bff84a160a44b8a6e8fcca7fc7c') in 0.006618 seconds 
========================================================================
Received Import Request.
  Time since last request: 0.000145 seconds.
  path: Assets/PolygonStarter/Prefabs/SM_Generic_Tree_03.prefab
  artifactKey: Guid(56edbd376562e9544ab88753fd3c4682) Importer(815301076,1909f56bfc062723c751e8b465ee728b)
Start importing Assets/PolygonStarter/Prefabs/SM_Generic_Tree_03.prefab using Guid(56edbd376562e9544ab88753fd3c4682) Importer(815301076,1909f56bfc062723c751e8b465ee728b)  -> (artifact id: 'eb5b8a2c41698c72c78721723e415e78') in 0.006208 seconds 
========================================================================
Received Import Request.
  Time since last request: 0.000026 seconds.
  path: Assets/PolygonStarter/Prefabs/SM_Generic_Small_Rocks_03.prefab
  artifactKey: Guid(7f14e8833dc154b44b20de9e6f911ca0) Importer(815301076,1909f56bfc062723c751e8b465ee728b)
Start importing Assets/PolygonStarter/Prefabs/SM_Generic_Small_Rocks_03.prefab using Guid(7f14e8833dc154b44b20de9e6f911ca0) Importer(815301076,1909f56bfc062723c751e8b465ee728b)  -> (artifact id: '0caf96166e9fbab1bec45a03da98066e') in 0.006695 seconds 
========================================================================
Received Import Request.
  Time since last request: 0.000032 seconds.
  path: Assets/PolygonStarter/Prefabs/SM_Generic_TreeStump_01.prefab
  artifactKey: Guid(e865a10713e46984aba70d89a679e42f) Importer(815301076,1909f56bfc062723c751e8b465ee728b)
Start importing Assets/PolygonStarter/Prefabs/SM_Generic_TreeStump_01.prefab using Guid(e865a10713e46984aba70d89a679e42f) Importer(815301076,1909f56bfc062723c751e8b465ee728b)  -> (artifact id: '4713e077676601614d11851989b1c2e7') in 0.006080 seconds 
========================================================================
Received Import Request.
  Time since last request: 0.000029 seconds.
  path: Assets/PolygonStarter/Prefabs/SM_Generic_Tree_02.prefab
  artifactKey: Guid(1ce022d65e1e7b84d9e5ae4a479c39ba) Importer(815301076,1909f56bfc062723c751e8b465ee728b)
Start importing Assets/PolygonStarter/Prefabs/SM_Generic_Tree_02.prefab using Guid(1ce022d65e1e7b84d9e5ae4a479c39ba) Importer(815301076,1909f56bfc062723c751e8b465ee728b)  -> (artifact id: 'c8e422a54540de68c3a992567fe8ea0d') in 0.006362 seconds 
========================================================================
Received Import Request.
  Time since last request: 0.000031 seconds.
  path: Assets/PolygonStarter/Prefabs/SM_Generic_Ground_01.prefab
  artifactKey: Guid(fb0131aa61eef7c4d95b2efaf17614ec) Importer(815301076,1909f56bfc062723c751e8b465ee728b)
Start importing Assets/PolygonStarter/Prefabs/SM_Generic_Ground_01.prefab using Guid(fb0131aa61eef7c4d95b2efaf17614ec) Importer(815301076,1909f56bfc062723c751e8b465ee728b)  -> (artifact id: '680eee10960279cfa413d88a0db83308') in 0.006008 seconds 
========================================================================
Received Import Request.
  Time since last request: 0.000032 seconds.
  path: Assets/PolygonStarter/Prefabs/SM_Generic_Tree_01.prefab
  artifactKey: Guid(ab36f4e752fd5d74d8e9f8f24c8864f2) Importer(815301076,1909f56bfc062723c751e8b465ee728b)
Start importing Assets/PolygonStarter/Prefabs/SM_Generic_Tree_01.prefab using Guid(ab36f4e752fd5d74d8e9f8f24c8864f2) Importer(815301076,1909f56bfc062723c751e8b465ee728b)  -> (artifact id: 'dc3148c3f3a1ecfa23d60c5c51b09bf3') in 0.006328 seconds 
========================================================================
Received Import Request.
  Time since last request: 0.000042 seconds.
  path: Assets/PolygonStarter/Prefabs/SM_Generic_Ground_Flat_01.prefab
  artifactKey: Guid(e484c7ad7b1274b4c847940d3eb54d14) Importer(815301076,1909f56bfc062723c751e8b465ee728b)
Start importing Assets/PolygonStarter/Prefabs/SM_Generic_Ground_Flat_01.prefab using Guid(e484c7ad7b1274b4c847940d3eb54d14) Importer(815301076,1909f56bfc062723c751e8b465ee728b)  -> (artifact id: '029ad94671fe85a2f6c5fc9cd530f1cc') in 0.005821 seconds 
========================================================================
Received Import Request.
  Time since last request: 0.000032 seconds.
  path: Assets/PolygonStarter/Prefabs/SM_PolygonCity_Veh_Car_Small_01.prefab
  artifactKey: Guid(d6e2601c4f144db459adb4f5e7affc65) Importer(815301076,1909f56bfc062723c751e8b465ee728b)
Start importing Assets/PolygonStarter/Prefabs/SM_PolygonCity_Veh_Car_Small_01.prefab using Guid(d6e2601c4f144db459adb4f5e7affc65) Importer(815301076,1909f56bfc062723c751e8b465ee728b)  -> (artifact id: 'c6b97b4a563e0f66786e1c553d64b5a8') in 0.014043 seconds 
========================================================================
Received Import Request.
  Time since last request: 0.000028 seconds.
  path: Assets/PolygonStarter/Prefabs/SM_Generic_TreeDead_01.prefab
  artifactKey: Guid(e30b3aeaaf8ec804198090a10eca14d8) Importer(815301076,1909f56bfc062723c751e8b465ee728b)
Start importing Assets/PolygonStarter/Prefabs/SM_Generic_TreeDead_01.prefab using Guid(e30b3aeaaf8ec804198090a10eca14d8) Importer(815301076,1909f56bfc062723c751e8b465ee728b)  -> (artifact id: 'c6347259a324803432464553ed5f4133') in 0.006042 seconds 
========================================================================
Received Import Request.
  Time since last request: 0.000039 seconds.
  path: Assets/PolygonStarter/Prefabs/SM_Generic_Ground_04.prefab
  artifactKey: Guid(6cf950e757e075945b307868fc3bd60e) Importer(815301076,1909f56bfc062723c751e8b465ee728b)
Start importing Assets/PolygonStarter/Prefabs/SM_Generic_Ground_04.prefab using Guid(6cf950e757e075945b307868fc3bd60e) Importer(815301076,1909f56bfc062723c751e8b465ee728b)  -> (artifact id: '65a01a404b0c3ffec1bc795e444bf491') in 0.005790 seconds 
========================================================================
Received Import Request.
  Time since last request: 0.000024 seconds.
  path: Assets/PolygonStarter/Prefabs/SM_Generic_Small_Rocks_04.prefab
  artifactKey: Guid(097c26aede8f73e41a32d546bd00e97f) Importer(815301076,1909f56bfc062723c751e8b465ee728b)
Start importing Assets/PolygonStarter/Prefabs/SM_Generic_Small_Rocks_04.prefab using Guid(097c26aede8f73e41a32d546bd00e97f) Importer(815301076,1909f56bfc062723c751e8b465ee728b)  -> (artifact id: '69349bd85996aa56acc8a1d0605a0f0c') in 0.006300 seconds 
========================================================================
Received Import Request.
  Time since last request: 0.000032 seconds.
  path: Assets/PolygonStarter/Prefabs/SM_Generic_Small_Rocks_02.prefab
  artifactKey: Guid(a76742b3f592d834ca1e03ad08301998) Importer(815301076,1909f56bfc062723c751e8b465ee728b)
Start importing Assets/PolygonStarter/Prefabs/SM_Generic_Small_Rocks_02.prefab using Guid(a76742b3f592d834ca1e03ad08301998) Importer(815301076,1909f56bfc062723c751e8b465ee728b)  -> (artifact id: 'df894864bc5dc4edefdaba2933c103cc') in 0.005964 seconds 
========================================================================
Received Import Request.
  Time since last request: 0.000026 seconds.
  path: Assets/PolygonStarter/Prefabs/SM_Generic_Mountains_Soft_01.prefab
  artifactKey: Guid(a114301c17a8f9d4e87a828e20f894a2) Importer(815301076,1909f56bfc062723c751e8b465ee728b)
Start importing Assets/PolygonStarter/Prefabs/SM_Generic_Mountains_Soft_01.prefab using Guid(a114301c17a8f9d4e87a828e20f894a2) Importer(815301076,1909f56bfc062723c751e8b465ee728b)  -> (artifact id: 'f3462440cba7a86e4738073ab097c939') in 0.009707 seconds 
========================================================================
Received Import Request.
  Time since last request: 1.470065 seconds.
  path: Assets/PolygonStarter/Prefabs/SM_Wep_Watergun_01.prefab
  artifactKey: Guid(f528363d2aaa5d748ab9fcd16b601236) Importer(815301076,1909f56bfc062723c751e8b465ee728b)
Start importing Assets/PolygonStarter/Prefabs/SM_Wep_Watergun_01.prefab using Guid(f528363d2aaa5d748ab9fcd16b601236) Importer(815301076,1909f56bfc062723c751e8b465ee728b)  -> (artifact id: '20dbd5eb9bd23dd547f0ac693307b8e3') in 0.005420 seconds 
========================================================================
Received Import Request.
  Time since last request: 0.000023 seconds.
  path: Assets/PolygonStarter/Prefabs/SM_Wep_Watergun_02.prefab
  artifactKey: Guid(787a31f2409a3f64c987faeb2a72ab86) Importer(815301076,1909f56bfc062723c751e8b465ee728b)
Start importing Assets/PolygonStarter/Prefabs/SM_Wep_Watergun_02.prefab using Guid(787a31f2409a3f64c987faeb2a72ab86) Importer(815301076,1909f56bfc062723c751e8b465ee728b)  -> (artifact id: '1af42681a61529af79f66c5967f81197') in 0.005332 seconds 
========================================================================
Received Import Request.
  Time since last request: 0.000030 seconds.
  path: Assets/PolygonStarter/Prefabs/SM_Wep_WaterPistol_01.prefab
  artifactKey: Guid(c6865c562fd3f2841a92dc0cbbd6b4b4) Importer(815301076,1909f56bfc062723c751e8b465ee728b)
Start importing Assets/PolygonStarter/Prefabs/SM_Wep_WaterPistol_01.prefab using Guid(c6865c562fd3f2841a92dc0cbbd6b4b4) Importer(815301076,1909f56bfc062723c751e8b465ee728b)  -> (artifact id: '348082c7e69c0c737519d2f860bb59cf') in 0.005651 seconds 
========================================================================
Received Import Request.
  Time since last request: 112.263172 seconds.
  path: Assets/PolygonStarter/Models/Collision
  artifactKey: Guid(4ae942c651a59624ca95bb2ffa178457) Importer(815301076,1909f56bfc062723c751e8b465ee728b)
Start importing Assets/PolygonStarter/Models/Collision using Guid(4ae942c651a59624ca95bb2ffa178457) Importer(815301076,1909f56bfc062723c751e8b465ee728b)  -> (artifact id: 'a5e97ad6ea2bcaa9d54e21a6a24338c9') in 0.001832 seconds 
========================================================================
Received Import Request.
  Time since last request: 0.039895 seconds.
  path: Assets/PolygonStarter/Models/Collision/SM_Buildings_Block_1x1_01.fbx
  artifactKey: Guid(caed417d0c17a134696ff2ef8b52a764) Importer(815301076,1909f56bfc062723c751e8b465ee728b)
Start importing Assets/PolygonStarter/Models/Collision/SM_Buildings_Block_1x1_01.fbx using Guid(caed417d0c17a134696ff2ef8b52a764) Importer(815301076,1909f56bfc062723c751e8b465ee728b)  -> (artifact id: '8110fbb626e9caf2c31eaf50ebaa9dde') in 0.131826 seconds 
========================================================================
Received Import Request.
  Time since last request: 0.000043 seconds.
  path: Assets/PolygonStarter/Models/Collision/SM_Primitive_Sphere_02.fbx
  artifactKey: Guid(e8ba51a934eb276468729107e5d3143f) Importer(815301076,1909f56bfc062723c751e8b465ee728b)
Start importing Assets/PolygonStarter/Models/Collision/SM_Primitive_Sphere_02.fbx using Guid(e8ba51a934eb276468729107e5d3143f) Importer(815301076,1909f56bfc062723c751e8b465ee728b)  -> (artifact id: '95e8534a72dce3b2164dd05644da0530') in 0.035273 seconds 
========================================================================
Received Import Request.
  Time since last request: 0.000040 seconds.
  path: Assets/PolygonStarter/Models/Collision/SM_Buildings_Stairs_1x1_01.fbx
  artifactKey: Guid(68472b6ee0a878143b1d10804a97dd75) Importer(815301076,1909f56bfc062723c751e8b465ee728b)
Start importing Assets/PolygonStarter/Models/Collision/SM_Buildings_Stairs_1x1_01.fbx using Guid(68472b6ee0a878143b1d10804a97dd75) Importer(815301076,1909f56bfc062723c751e8b465ee728b)  -> (artifact id: '8cd2451cb0cceba0aa7ebd3281e904e9') in 0.026694 seconds 
========================================================================
Received Import Request.
  Time since last request: 0.000032 seconds.
  path: Assets/PolygonStarter/Models/Collision/SM_Buildings_WallDoor_2x3_01.fbx
  artifactKey: Guid(3316d1e99a707354a8f7b236cf8726a8) Importer(815301076,1909f56bfc062723c751e8b465ee728b)
Start importing Assets/PolygonStarter/Models/Collision/SM_Buildings_WallDoor_2x3_01.fbx using Guid(3316d1e99a707354a8f7b236cf8726a8) Importer(815301076,1909f56bfc062723c751e8b465ee728b)  -> (artifact id: '4d95ee393dbb42e057ab49ac74ec8c57') in 0.021650 seconds 
========================================================================
Received Import Request.
  Time since last request: 0.000030 seconds.
  path: Assets/PolygonStarter/Models/Collision/SM_Buildings_Column_2x3_01.fbx
  artifactKey: Guid(b45e496b386039141af15f243dd3ac22) Importer(815301076,1909f56bfc062723c751e8b465ee728b)
Start importing Assets/PolygonStarter/Models/Collision/SM_Buildings_Column_2x3_01.fbx using Guid(b45e496b386039141af15f243dd3ac22) Importer(815301076,1909f56bfc062723c751e8b465ee728b)  -> (artifact id: '7955a53b34c563fbedf1929a3afc3fdb') in 0.019186 seconds 
========================================================================
Received Import Request.
  Time since last request: 0.000038 seconds.
  path: Assets/PolygonStarter/Models/Collision/SM_Buildings_WallWindow_2x3_01.fbx
  artifactKey: Guid(c61783dd79ffb5443ac65c3892395ad7) Importer(815301076,1909f56bfc062723c751e8b465ee728b)
Start importing Assets/PolygonStarter/Models/Collision/SM_Buildings_WallWindow_2x3_01.fbx using Guid(c61783dd79ffb5443ac65c3892395ad7) Importer(815301076,1909f56bfc062723c751e8b465ee728b)  -> (artifact id: '887875a6e37ad96007ef25bace93f13a') in 0.018274 seconds 
========================================================================
Received Import Request.
  Time since last request: 0.000029 seconds.
  path: Assets/PolygonStarter/Models/Collision/SM_Buildings_Stairs_1x3_01.fbx
  artifactKey: Guid(7ce50dc06d7bb62448b532080fd35371) Importer(815301076,1909f56bfc062723c751e8b465ee728b)
Start importing Assets/PolygonStarter/Models/Collision/SM_Buildings_Stairs_1x3_01.fbx using Guid(7ce50dc06d7bb62448b532080fd35371) Importer(815301076,1909f56bfc062723c751e8b465ee728b)  -> (artifact id: '3c443041703b5dca20ce025a7d7c5867') in 0.025511 seconds 
========================================================================
Received Import Request.
  Time since last request: 0.000028 seconds.
  path: Assets/PolygonStarter/Models/Collision/SM_Primitive_Cone_02.fbx
  artifactKey: Guid(cace0b4260176de46b5ca288f5d42e32) Importer(815301076,1909f56bfc062723c751e8b465ee728b)
Start importing Assets/PolygonStarter/Models/Collision/SM_Primitive_Cone_02.fbx using Guid(cace0b4260176de46b5ca288f5d42e32) Importer(815301076,1909f56bfc062723c751e8b465ee728b)  -> (artifact id: '4a63c080cdb934f5def0fc19c0992bdb') in 0.026906 seconds 
========================================================================
Received Import Request.
  Time since last request: 0.000029 seconds.
  path: Assets/PolygonStarter/Models/Collision/SM_Buildings_Ramp_25_1x1_01.fbx
  artifactKey: Guid(489a905ef5c877d4a8e6f9fb1f7f55e5) Importer(815301076,1909f56bfc062723c751e8b465ee728b)
Start importing Assets/PolygonStarter/Models/Collision/SM_Buildings_Ramp_25_1x1_01.fbx using Guid(489a905ef5c877d4a8e6f9fb1f7f55e5) Importer(815301076,1909f56bfc062723c751e8b465ee728b)  -> (artifact id: 'fd914062b200e398e5d4268f1ec63301') in 0.031927 seconds 
========================================================================
Received Import Request.
  Time since last request: 0.000034 seconds.
  path: Assets/PolygonStarter/Models/Collision/SM_Buildings_Floor_1x1_01.fbx
  artifactKey: Guid(bef96b6e1cd37444fa6937ae99361014) Importer(815301076,1909f56bfc062723c751e8b465ee728b)
Start importing Assets/PolygonStarter/Models/Collision/SM_Buildings_Floor_1x1_01.fbx using Guid(bef96b6e1cd37444fa6937ae99361014) Importer(815301076,1909f56bfc062723c751e8b465ee728b)  -> (artifact id: '41179892d4bd52acb940268a12f4377a') in 0.023643 seconds 
========================================================================
Received Import Request.
  Time since last request: 0.000037 seconds.
  path: Assets/PolygonStarter/Models/Collision/SM_Buildings_DoorFrame_01.fbx
  artifactKey: Guid(c7bd79f25c690294f893f8905d2264f5) Importer(815301076,1909f56bfc062723c751e8b465ee728b)
Start importing Assets/PolygonStarter/Models/Collision/SM_Buildings_DoorFrame_01.fbx using Guid(c7bd79f25c690294f893f8905d2264f5) Importer(815301076,1909f56bfc062723c751e8b465ee728b)  -> (artifact id: 'bc5caf7c1ad873e1183f45532631298e') in 0.029958 seconds 
========================================================================
Received Import Request.
  Time since last request: 0.000038 seconds.
  path: Assets/PolygonStarter/Models/Collision/SM_PolygonApocalypse_Bld_House_01_Collision.fbx
  artifactKey: Guid(078a8d5463c9e294fa6b62999ab84a06) Importer(815301076,1909f56bfc062723c751e8b465ee728b)
Start importing Assets/PolygonStarter/Models/Collision/SM_PolygonApocalypse_Bld_House_01_Collision.fbx using Guid(078a8d5463c9e294fa6b62999ab84a06) Importer(815301076,1909f56bfc062723c751e8b465ee728b)  -> (artifact id: '03c7a914bb16ed1bcc5fc8dc28a36fa2') in 0.021132 seconds 
========================================================================
Received Import Request.
  Time since last request: 0.000029 seconds.
  path: Assets/PolygonStarter/Models/Collision/SM_Primitive_Cylander_02.fbx
  artifactKey: Guid(d4310e8ff3695464cad536592578913c) Importer(815301076,1909f56bfc062723c751e8b465ee728b)
Start importing Assets/PolygonStarter/Models/Collision/SM_Primitive_Cylander_02.fbx using Guid(d4310e8ff3695464cad536592578913c) Importer(815301076,1909f56bfc062723c751e8b465ee728b)  -> (artifact id: '3c249bc2a888139166617f337b2cfe81') in 0.024977 seconds 
========================================================================
Received Import Request.
  Time since last request: 21.981994 seconds.
  path: Assets/Prefabs/Stickman_Character.prefab
  artifactKey: Guid(9d099c0de8138a14fae867063d03fd06) Importer(815301076,1909f56bfc062723c751e8b465ee728b)
Start importing Assets/Prefabs/Stickman_Character.prefab using Guid(9d099c0de8138a14fae867063d03fd06) Importer(815301076,1909f56bfc062723c751e8b465ee728b)  -> (artifact id: '4cb68d49f242538298970e194f0be469') in 0.566443 seconds 
